# JRE version: OpenJDK Runtime Environment AdoptOpenJDK (11.0.10+9) (build 11.0.10+9)
# Java VM: OpenJDK 64-Bit Server VM AdoptOpenJDK (11.0.10+9, mixed mode, tiered, compressed oops, g1 gc, bsd-amd64)
Heap:
 garbage-first heap   total 1728512K, used 250768K [0x0000001000800000, 0x00000017e0800000)
  region size 8192K, 28 young (229376K), 11 survivors (90112K)
 Metaspace       used 29840K, capacity 30476K, committed 30720K, reserved 1077248K
  class space    used 3205K, capacity 3474K, committed 3584K, reserved 1048576K
GC Heap History (20 events):
Event: 1.430 GC heap before
{Heap before GC invocations=1 (full 0):
 garbage-first heap   total 1048576K, used 29917K [0x0000001000800000, 0x00000017e0800000)
  region size 8192K, 5 young (40960K), 1 survivors (8192K)
 Metaspace       used 20679K, capacity 21096K, committed 21248K, reserved 1069056K
  class space    used 2267K, capacity 2443K, committed 2560K, reserved 1048576K
}
Event: 1.436 GC heap after
{Heap after GC invocations=2 (full 0):
 garbage-first heap   total 1048576K, used 6349K [0x0000001000800000, 0x00000017e0800000)
  region size 8192K, 1 young (8192K), 1 survivors (8192K)
 Metaspace       used 20679K, capacity 21096K, committed 21248K, reserved 1069056K
  class space    used 2267K, capacity 2443K, committed 2560K, reserved 1048576K
}
Event: 2.188 GC heap before
{Heap before GC invocations=3 (full 0):
 garbage-first heap   total 1048576K, used 71885K [0x0000001000800000, 0x00000017e0800000)
  region size 8192K, 9 young (73728K), 1 survivors (8192K)
 Metaspace       used 26278K, capacity 26782K, committed 27008K, reserved 1073152K
  class space    used 2953K, capacity 3160K, committed 3200K, reserved 1048576K
}
Event: 2.191 GC heap after
{Heap after GC invocations=4 (full 0):
 garbage-first heap   total 1048576K, used 8314K [0x0000001000800000, 0x00000017e0800000)
  region size 8192K, 1 young (8192K), 1 survivors (8192K)
 Metaspace       used 26278K, capacity 26782K, committed 27008K, reserved 1073152K
  class space    used 2953K, capacity 3160K, committed 3200K, reserved 1048576K
}
Event: 3.355 GC heap before
{Heap before GC invocations=4 (full 0):
 garbage-first heap   total 1048576K, used 180346K [0x0000001000800000, 0x00000017e0800000)
  region size 8192K, 23 young (188416K), 1 survivors (8192K)
 Metaspace       used 28800K, capacity 29437K, committed 29696K, reserved 1075200K
  class space    used 3195K, capacity 3462K, committed 3584K, reserved 1048576K
}
Event: 3.358 GC heap after
{Heap after GC invocations=5 (full 0):
 garbage-first heap   total 1048576K, used 10042K [0x0000001000800000, 0x00000017e0800000)
  region size 8192K, 1 young (8192K), 1 survivors (8192K)
 Metaspace       used 28800K, capacity 29437K, committed 29696K, reserved 1075200K
  class space    used 3195K, capacity 3462K, committed 3584K, reserved 1048576K
}
Event: 3.991 GC heap before
{Heap before GC invocations=5 (full 0):
 garbage-first heap   total 1048576K, used 247610K [0x0000001000800000, 0x00000017e0800000)
  region size 8192K, 30 young (245760K), 1 survivors (8192K)
 Metaspace       used 29226K, capacity 29900K, committed 30208K, reserved 1075200K
  class space    used 3197K, capacity 3463K, committed 3584K, reserved 1048576K
}
Event: 4.022 GC heap after
{Heap after GC invocations=6 (full 0):
 garbage-first heap   total 1048576K, used 41146K [0x0000001000800000, 0x00000017e0800000)
  region size 8192K, 4 young (32768K), 4 survivors (32768K)
 Metaspace       used 29226K, capacity 29900K, committed 30208K, reserved 1075200K
  class space    used 3197K, capacity 3463K, committed 3584K, reserved 1048576K
}
Event: 4.444 GC heap before
{Heap before GC invocations=6 (full 0):
 garbage-first heap   total 1048576K, used 278714K [0x0000001000800000, 0x00000017e0800000)
  region size 8192K, 33 young (270336K), 4 survivors (32768K)
 Metaspace       used 29380K, capacity 29968K, committed 30208K, reserved 1075200K
  class space    used 3199K, capacity 3463K, committed 3584K, reserved 1048576K
}
Event: 4.457 GC heap after
{Heap after GC invocations=7 (full 0):
 garbage-first heap   total 1048576K, used 25129K [0x0000001000800000, 0x00000017e0800000)
  region size 8192K, 1 young (8192K), 1 survivors (8192K)
 Metaspace       used 29380K, capacity 29968K, committed 30208K, reserved 1075200K
  class space    used 3199K, capacity 3463K, committed 3584K, reserved 1048576K
}
Event: 4.849 GC heap before
{Heap before GC invocations=7 (full 0):
 garbage-first heap   total 1048576K, used 311849K [0x0000001000800000, 0x00000017e0800000)
  region size 8192K, 37 young (303104K), 1 survivors (8192K)
 Metaspace       used 29454K, capacity 30032K, committed 30208K, reserved 1075200K
  class space    used 3199K, capacity 3463K, committed 3584K, reserved 1048576K
}
Event: 4.879 GC heap after
{Heap after GC invocations=8 (full 0):
 garbage-first heap   total 1261568K, used 49068K [0x0000001000800000, 0x00000017e0800000)
  region size 8192K, 4 young (32768K), 4 survivors (32768K)
 Metaspace       used 29454K, capacity 30032K, committed 30208K, reserved 1075200K
  class space    used 3199K, capacity 3463K, committed 3584K, reserved 1048576K
}
Event: 5.297 GC heap before
{Heap before GC invocations=8 (full 0):
 garbage-first heap   total 1261568K, used 393132K [0x0000001000800000, 0x00000017e0800000)
  region size 8192K, 47 young (385024K), 4 survivors (32768K)
 Metaspace       used 29593K, capacity 30246K, committed 30464K, reserved 1077248K
  class space    used 3201K, capacity 3467K, committed 3584K, reserved 1048576K
}
Event: 5.303 GC heap after
{Heap after GC invocations=9 (full 0):
 garbage-first heap   total 1261568K, used 35387K [0x0000001000800000, 0x00000017e0800000)
  region size 8192K, 2 young (16384K), 2 survivors (16384K)
 Metaspace       used 29593K, capacity 30246K, committed 30464K, reserved 1077248K
  class space    used 3201K, capacity 3467K, committed 3584K, reserved 1048576K
}
Event: 5.852 GC heap before
{Heap before GC invocations=9 (full 0):
 garbage-first heap   total 1261568K, used 772667K [0x0000001000800000, 0x00000017e0800000)
  region size 8192K, 92 young (753664K), 2 survivors (16384K)
 Metaspace       used 29719K, capacity 30404K, committed 30720K, reserved 1077248K
  class space    used 3204K, capacity 3473K, committed 3584K, reserved 1048576K
}
Event: 5.873 GC heap after
{Heap after GC invocations=10 (full 0):
 garbage-first heap   total 1261568K, used 65377K [0x0000001000800000, 0x00000017e0800000)
  region size 8192K, 6 young (49152K), 6 survivors (49152K)
 Metaspace       used 29719K, capacity 30404K, committed 30720K, reserved 1077248K
  class space    used 3204K, capacity 3473K, committed 3584K, reserved 1048576K
}
Event: 6.359 GC heap before
{Heap before GC invocations=10 (full 0):
 garbage-first heap   total 1261568K, used 769889K [0x0000001000800000, 0x00000017e0800000)
  region size 8192K, 92 young (753664K), 6 survivors (49152K)
 Metaspace       used 29790K, capacity 30473K, committed 30720K, reserved 1077248K
  class space    used 3205K, capacity 3474K, committed 3584K, reserved 1048576K
}
Event: 6.395 GC heap after
{Heap after GC invocations=11 (full 0):
 garbage-first heap   total 1261568K, used 103347K [0x0000001000800000, 0x00000017e0800000)
  region size 8192K, 11 young (90112K), 11 survivors (90112K)
 Metaspace       used 29790K, capacity 30473K, committed 30720K, reserved 1077248K
  class space    used 3205K, capacity 3474K, committed 3584K, reserved 1048576K
}
Event: 6.855 GC heap before
{Heap before GC invocations=11 (full 0):
 garbage-first heap   total 1261568K, used 758707K [0x0000001000800000, 0x00000017e0800000)
  region size 8192K, 92 young (753664K), 11 survivors (90112K)
 Metaspace       used 29827K, capacity 30475K, committed 30720K, reserved 1077248K
  class space    used 3205K, capacity 3474K, committed 3584K, reserved 1048576K
}
Event: 6.893 GC heap after
{Heap after GC invocations=12 (full 0):
 garbage-first heap   total 1728512K, used 119696K [0x0000001000800000, 0x00000017e0800000)
  region size 8192K, 11 young (90112K), 11 survivors (90112K)
 Metaspace       used 29827K, capacity 30475K, committed 30720K, reserved 1077248K
  class space    used 3205K, capacity 3474K, committed 3584K, reserved 1048576K
}

